Flutter crash report.
Please report a bug at https://github.com/flutter/flutter/issues.

## command

flutter --no-color run --machine --track-widget-creation --device-id=emulator-5554 --start-paused --dart-define=flutter.inspector.structuredErrors=true lib\main.dart

## exception

FileSystemException: FileSystemException: Failed to decode data using encoding 'utf-8', path = 'F:\editor_geetgala\pubspec.yaml'

```
#0      _File._tryDecode (dart:io/file_impl.dart:558:7)
#1      _File.readAsStringSync (dart:io/file_impl.dart:578:7)
#2      ForwardingFile.readAsStringSync (package:file/src/forwarding/forwarding_file.dart:99:16)
#3      ErrorHandlingFile.readAsStringSync.<anonymous closure> (package:flutter_tools/src/base/error_handling_io.dart:222:22)
#4      _runSync (package:flutter_tools/src/base/error_handling_io.dart:600:14)
#5      ErrorHandlingFile.readAsStringSync (package:flutter_tools/src/base/error_handling_io.dart:221:12)
#6      _pluginFromPackage (package:flutter_tools/src/flutter_plugins.dart:45:36)
#7      findPlugins (package:flutter_tools/src/flutter_plugins.dart:88:28)
<asynchronous suspension>
#8      refreshPluginsList (package:flutter_tools/src/flutter_plugins.dart:1080:32)
<asynchronous suspension>
#9      FlutterProject.ensureReadyForPlatformSpecificTooling (package:flutter_tools/src/project.dart:357:5)
<asynchronous suspension>
#10     FlutterCommand.verifyThenRunCommand (package:flutter_tools/src/runner/flutter_command.dart:1412:7)
<asynchronous suspension>
#11     FlutterCommand.run.<anonymous closure> (package:flutter_tools/src/runner/flutter_command.dart:1257:27)
<asynchronous suspension>
#12     AppContext.run.<anonymous closure> (package:flutter_tools/src/base/context.dart:150:19)
<asynchronous suspension>
#13     CommandRunner.runCommand (package:args/command_runner.dart:209:13)
<asynchronous suspension>
#14     FlutterCommandRunner.runCommand.<anonymous closure> (package:flutter_tools/src/runner/flutter_command_runner.dart:283:9)
<asynchronous suspension>
#15     AppContext.run.<anonymous closure> (package:flutter_tools/src/base/context.dart:150:19)
<asynchronous suspension>
#16     FlutterCommandRunner.runCommand (package:flutter_tools/src/runner/flutter_command_runner.dart:229:5)
<asynchronous suspension>
#17     run.<anonymous closure>.<anonymous closure> (package:flutter_tools/runner.dart:64:9)
<asynchronous suspension>
#18     AppContext.run.<anonymous closure> (package:flutter_tools/src/base/context.dart:150:19)
<asynchronous suspension>
#19     main (package:flutter_tools/executable.dart:91:3)
<asynchronous suspension>
```

## flutter doctor

```
[✓] Flutter (Channel stable, 3.7.11, on Microsoft Windows [Version 10.0.22621.1778], locale en-US)
    • Flutter version 3.7.11 on channel stable at C:\src\flutter\flutter
    • Upstream repository https://github.com/flutter/flutter.git
    • Framework revision f72efea43c (7 weeks ago), 2023-04-11 11:57:21 -0700
    • Engine revision 1a65d409c7
    • Dart version 2.19.6
    • DevTools version 2.20.1

[✓] Windows Version (Installed version of Windows is version 10 or higher)

[✓] Android toolchain - develop for Android devices (Android SDK version 33.0.1)
    • Android SDK at C:\Users\aloks\AppData\Local\Android\sdk
    • Platform android-33-ext4, build-tools 33.0.1
    • Java binary at: C:\Program Files\Android\Android Studio1\jbr\bin\java
    • Java version OpenJDK Runtime Environment (build 17.0.6+0-b2043.56-9586694)
    • All Android licenses accepted.

[✓] Chrome - develop for the web
    • Chrome at C:\Program Files\Google\Chrome\Application\chrome.exe

[✓] Visual Studio - develop for Windows (Visual Studio Build Tools 2019 16.11.26)
    • Visual Studio at C:\Program Files (x86)\Microsoft Visual Studio\2019\BuildTools
    • Visual Studio Build Tools 2019 version 16.11.33529.622
    • Windows 10 SDK version 10.0.19041.0

[✓] Android Studio (version 2022.2)
    • Android Studio at C:\Program Files\Android\Android Studio1
    • Flutter plugin can be installed from:
      🔨 https://plugins.jetbrains.com/plugin/9212-flutter
    • Dart plugin can be installed from:
      🔨 https://plugins.jetbrains.com/plugin/6351-dart
    • Java version OpenJDK Runtime Environment (build 17.0.6+0-b2043.56-9586694)

[✓] VS Code (version 1.78.2)
    • VS Code at C:\Users\aloks\AppData\Local\Programs\Microsoft VS Code
    • Flutter extension can be installed from:
      🔨 https://marketplace.visualstudio.com/items?itemName=Dart-Code.flutter

[✓] Connected device (4 available)
    • sdk gphone64 x86 64 (mobile) • emulator-5554 • android-x64    • Android 13 (API 33) (emulator)
    • Windows (desktop)            • windows       • windows-x64    • Microsoft Windows [Version 10.0.22621.1778]
    • Chrome (web)                 • chrome        • web-javascript • Google Chrome 113.0.5672.127
    • Edge (web)                   • edge          • web-javascript • Microsoft Edge 113.0.1774.57

[✓] HTTP Host Availability
    • All required HTTP hosts are available

• No issues found!
```
